0 info it worked if it ends with ok
1 verbose cli [ '/usr/local/bin/node', '/usr/local/bin/npm', 'publish' ]
2 info using npm@3.3.12
3 info using node@v5.2.0
4 verbose publish [ '.' ]
5 silly cache add args [ '.', null ]
6 verbose cache add spec .
7 silly cache add parsed spec Result {
7 silly cache add   raw: '.',
7 silly cache add   scope: null,
7 silly cache add   name: null,
7 silly cache add   rawSpec: '.',
7 silly cache add   spec: '/home/thor99/Unfinished_Projects/Node/angry-phrase',
7 silly cache add   type: 'directory' }
8 verbose addLocalDirectory /home/thor99/.npm/angry-phrase/1.0.1/package.tgz not in flight; packing
9 info lifecycle angry-phrase@1.0.1~prepublish: angry-phrase@1.0.1
10 silly lifecycle angry-phrase@1.0.1~prepublish: no script for prepublish, continuing
11 verbose tar pack [ '/home/thor99/.npm/angry-phrase/1.0.1/package.tgz',
11 verbose tar pack   '/home/thor99/Unfinished_Projects/Node/angry-phrase' ]
12 verbose tarball /home/thor99/.npm/angry-phrase/1.0.1/package.tgz
13 verbose folder /home/thor99/Unfinished_Projects/Node/angry-phrase
14 verbose addLocalTarball adding from inside cache /home/thor99/.npm/angry-phrase/1.0.1/package.tgz
15 silly cache afterAdd angry-phrase@1.0.1
16 verbose afterAdd /home/thor99/.npm/angry-phrase/1.0.1/package/package.json not in flight; writing
17 verbose afterAdd /home/thor99/.npm/angry-phrase/1.0.1/package/package.json written
18 silly publish { name: 'angry-phrase',
18 silly publish   version: '1.0.1',
18 silly publish   private: false,
18 silly publish   description: 'Get some random angry phrase :D',
18 silly publish   main: 'index.js',
18 silly publish   scripts: { test: 'echo "Error: no test specified" && exit 1' },
18 silly publish   keywords: [ 'angry', 'random', 'phrase' ],
18 silly publish   repository:
18 silly publish    { type: 'git',
18 silly publish      url: 'git+https://github.com/Thor99/angry-phrases.git' },
18 silly publish   author:
18 silly publish    { name: 'Thor Garcia',
18 silly publish      email: 'thor.fc21@gmail.com',
18 silly publish      url: 'https://github.com/Thor99' },
18 silly publish   license: 'MIT',
18 silly publish   readme: '# Angry-Phrases\n\nThis is a pretty non-sense NPM package, made to get some random angry phrases. And yes, some phrases have bad words. Enjoy.  :smile:\n\n***\n\n## Install\n\n> npm install angry-phrases --save\n\n***\n\n## Usage\n\n``` js\n\nvar angry = require(\'angry-phrase\');\n\nvar phrase = angry.getGreatPhrase();\n\nconsole.log("Inspiring Phrase: " + phrase);\n\n```\n',
18 silly publish   readmeFilename: 'README.md',
18 silly publish   gitHead: '7d16129b115d32dc9e4de8aa2540442690c4245b',
18 silly publish   bugs: { url: 'https://github.com/Thor99/angry-phrases/issues' },
18 silly publish   homepage: 'https://github.com/Thor99/angry-phrases#readme',
18 silly publish   _id: 'angry-phrase@1.0.1',
18 silly publish   _shasum: '814908a010c7ffd634c92d4a8c9d8b37c0bf2cff',
18 silly publish   _from: '.' }
19 verbose getPublishConfig undefined
20 silly mapToRegistry name angry-phrase
21 silly mapToRegistry using default registry
22 silly mapToRegistry registry https://registry.npmjs.org/
23 silly mapToRegistry uri https://registry.npmjs.org/angry-phrase
24 verbose publish registryBase https://registry.npmjs.org/
25 silly publish uploading /home/thor99/.npm/angry-phrase/1.0.1/package.tgz
26 verbose request uri https://registry.npmjs.org/angry-phrase
27 verbose request sending authorization for write operation
28 info attempt registry request try #1 at 7:26:00 PM
29 verbose request using bearer token for auth
30 verbose request id b65802a533f5e8d4
31 http request PUT https://registry.npmjs.org/angry-phrase
32 http 403 https://registry.npmjs.org/angry-phrase
33 verbose headers { 'content-type': 'application/json',
33 verbose headers   'cache-control': 'max-age=300',
33 verbose headers   'content-length': '95',
33 verbose headers   'accept-ranges': 'bytes',
33 verbose headers   date: 'Sun, 27 Dec 2015 21:26:01 GMT',
33 verbose headers   via: '1.1 varnish',
33 verbose headers   connection: 'keep-alive',
33 verbose headers   'x-served-by': 'cache-iad2132-IAD',
33 verbose headers   'x-cache': 'MISS',
33 verbose headers   'x-cache-hits': '0',
33 verbose headers   'x-timer': 'S1451251560.812944,VS0,VE759' }
34 verbose request invalidating /home/thor99/.npm/registry.npmjs.org/angry-phrase on PUT
35 error publish Failed PUT 403
36 verbose stack Error: "You cannot publish over the previously published version 1.0.1." : angry-phrase
36 verbose stack     at makeError (/usr/local/lib/node_modules/npm/node_modules/npm-registry-client/lib/request.js:264:12)
36 verbose stack     at CachingRegistryClient.<anonymous> (/usr/local/lib/node_modules/npm/node_modules/npm-registry-client/lib/request.js:252:14)
36 verbose stack     at Request._callback (/usr/local/lib/node_modules/npm/node_modules/npm-registry-client/lib/request.js:172:14)
36 verbose stack     at Request.self.callback (/usr/local/lib/node_modules/npm/node_modules/request/request.js:198:22)
36 verbose stack     at emitTwo (events.js:88:13)
36 verbose stack     at Request.emit (events.js:173:7)
36 verbose stack     at Request.<anonymous> (/usr/local/lib/node_modules/npm/node_modules/request/request.js:1082:10)
36 verbose stack     at emitOne (events.js:83:20)
36 verbose stack     at Request.emit (events.js:170:7)
36 verbose stack     at IncomingMessage.<anonymous> (/usr/local/lib/node_modules/npm/node_modules/request/request.js:1009:12)
37 verbose statusCode 403
38 verbose pkgid angry-phrase
39 verbose cwd /home/thor99/Unfinished_Projects/Node/angry-phrase
40 error Linux 3.19.0-39-generic
41 error argv "/usr/local/bin/node" "/usr/local/bin/npm" "publish"
42 error node v5.2.0
43 error npm  v3.3.12
44 error code E403
45 error "You cannot publish over the previously published version 1.0.1." : angry-phrase
46 error If you need help, you may report this error at:
46 error     <https://github.com/npm/npm/issues>
47 verbose exit [ 1, true ]
